2019-02-18 13:32:35
<xml><ToUserName><![CDATA[gh_a582435402b9]]></ToUserName>
<FromUserName><![CDATA[oGtn31fkd3Rfb-M72O_t8jXXDFzw]]></FromUserName>
<CreateTime>1550461432</CreateTime>
<MsgType><![CDATA[event]]></MsgType>
<Event><![CDATA[unsubscribe]]></Event>
<EventKey><![CDATA[]]></EventKey>
</xml>
<<<<<<<2019-02-18 13:33:30
<xml><ToUserName><![CDATA[gh_a582435402b9]]></ToUserName>
<FromUserName><![CDATA[oGtn31fkd3Rfb-M72O_t8jXXDFzw]]></FromUserName>
<CreateTime>1550461432</CreateTime>
<MsgType><![CDATA[event]]></MsgType>
<Event><![CDATA[unsubscribe]]></Event>
<EventKey><![CDATA[]]></EventKey>
</xml>
<<<<<<<2019-02-18 13:34:47
<xml><ToUserName><![CDATA[gh_a582435402b9]]></ToUserName>
<FromUserName><![CDATA[oGtn31fkd3Rfb-M72O_t8jXXDFzw]]></FromUserName>
<CreateTime>1550461432</CreateTime>
<MsgType><![CDATA[event]]></MsgType>
<Event><![CDATA[unsubscribe]]></Event>
<EventKey><![CDATA[]]></EventKey>
</xml>
<<<<<<<2019-02-18 13:35:42
<xml><ToUserName><![CDATA[gh_a582435402b9]]></ToUserName>
<FromUserName><![CDATA[oGtn31fkd3Rfb-M72O_t8jXXDFzw]]></FromUserName>
<CreateTime>1550461432</CreateTime>
<MsgType><![CDATA[event]]></MsgType>
<Event><![CDATA[unsubscribe]]></Event>
<EventKey><![CDATA[]]></EventKey>
</xml>
<<<<<<<2019-02-18 13:35:49
<xml><ToUserName><![CDATA[gh_a582435402b9]]></ToUserName>
<FromUserName><![CDATA[oGtn31fkd3Rfb-M72O_t8jXXDFzw]]></FromUserName>
<CreateTime>1550461432</CreateTime>
<MsgType><![CDATA[event]]></MsgType>
<Event><![CDATA[unsubscribe]]></Event>
<EventKey><![CDATA[]]></EventKey>
</xml>
<<<<<<<2019-02-18 13:36:00
<xml><ToUserName><![CDATA[gh_a582435402b9]]></ToUserName>
<FromUserName><![CDATA[oGtn31fkd3Rfb-M72O_t8jXXDFzw]]></FromUserName>
<CreateTime>1550461432</CreateTime>
<MsgType><![CDATA[event]]></MsgType>
<Event><![CDATA[unsubscribe]]></Event>
<EventKey><![CDATA[]]></EventKey>
</xml>
<<<<<<<2019-02-18 13:36:13
<xml><ToUserName><![CDATA[gh_a582435402b9]]></ToUserName>
<FromUserName><![CDATA[oGtn31fkd3Rfb-M72O_t8jXXDFzw]]></FromUserName>
<CreateTime>1550461432</CreateTime>
<MsgType><![CDATA[event]]></MsgType>
<Event><![CDATA[unsubscribe]]></Event>
<EventKey><![CDATA[]]></EventKey>
</xml>
<<<<<<<2019-02-18 13:37:38
<xml><ToUserName><![CDATA[gh_a582435402b9]]></ToUserName>
<FromUserName><![CDATA[oGtn31fkd3Rfb-M72O_t8jXXDFzw]]></FromUserName>
<CreateTime>1550461432</CreateTime>
<MsgType><![CDATA[event]]></MsgType>
<Event><![CDATA[unsubscribe]]></Event>
<EventKey><![CDATA[]]></EventKey>
</xml>
<<<<<<<2019-02-18 13:37:52
<xml><ToUserName><![CDATA[gh_a582435402b9]]></ToUserName>
<FromUserName><![CDATA[oGtn31fkd3Rfb-M72O_t8jXXDFzw]]></FromUserName>
<CreateTime>1550461432</CreateTime>
<MsgType><![CDATA[event]]></MsgType>
<Event><![CDATA[unsubscribe]]></Event>
<EventKey><![CDATA[]]></EventKey>
</xml>
<<<<<<<2019-02-18 13:39:59
<xml><ToUserName><![CDATA[gh_a582435402b9]]></ToUserName>
<FromUserName><![CDATA[oGtn31fkd3Rfb-M72O_t8jXXDFzw]]></FromUserName>
<CreateTime>1550461432</CreateTime>
<MsgType><![CDATA[event]]></MsgType>
<Event><![CDATA[unsubscribe]]></Event>
<EventKey><![CDATA[]]></EventKey>
</xml>
<<<<<<<2019-02-18 13:42:33
<xml><ToUserName><![CDATA[gh_a582435402b9]]></ToUserName>
<FromUserName><![CDATA[oGtn31fkd3Rfb-M72O_t8jXXDFzw]]></FromUserName>
<CreateTime>1550461432</CreateTime>
<MsgType><![CDATA[event]]></MsgType>
<Event><![CDATA[unsubscribe]]></Event>
<EventKey><![CDATA[]]></EventKey>
</xml>
<<<<<<<2019-02-18 13:42:53
<xml><ToUserName><![CDATA[gh_a582435402b9]]></ToUserName>
<FromUserName><![CDATA[oGtn31fkd3Rfb-M72O_t8jXXDFzw]]></FromUserName>
<CreateTime>1550461432</CreateTime>
<MsgType><![CDATA[event]]></MsgType>
<Event><![CDATA[unsubscribe]]></Event>
<EventKey><![CDATA[]]></EventKey>
</xml>
<<<<<<<2019-02-18 13:57:56
<xml><ToUserName><![CDATA[gh_a582435402b9]]></ToUserName>
<FromUserName><![CDATA[oGtn31fkd3Rfb-M72O_t8jXXDFzw]]></FromUserName>
<CreateTime>1550461432</CreateTime>
<MsgType><![CDATA[event]]></MsgType>
<Event><![CDATA[unsubscribe]]></Event>
<EventKey><![CDATA[]]></EventKey>
</xml>

<<<<<<<2019-02-18 14:00:45
<xml><ToUserName><![CDATA[gh_a582435402b9]]></ToUserName>
<FromUserName><![CDATA[oGtn31fkd3Rfb-M72O_t8jXXDFzw]]></FromUserName>
<CreateTime>1550461432</CreateTime>
<MsgType><![CDATA[event]]></MsgType>
<Event><![CDATA[unsubscribe]]></Event>
<EventKey><![CDATA[]]></EventKey>
</xml>

<<<<<<<2019-02-18 15:34:06
<xml><ToUserName><![CDATA[gh_a582435402b9]]></ToUserName>
<FromUserName><![CDATA[oGtn31fkd3Rfb-M72O_t8jXXDFzw]]></FromUserName>
<CreateTime>1550461432</CreateTime>
<MsgType><![CDATA[event]]></MsgType>
<Event><![CDATA[unsubscribe]]></Event>
<EventKey><![CDATA[]]></EventKey>
</xml>

<<<<<<<2019-02-18 16:03:28
<xml><ToUserName><![CDATA[gh_a582435402b9]]></ToUserName>
<FromUserName><![CDATA[oGtn31fkd3Rfb-M72O_t8jXXDFzw]]></FromUserName>
<CreateTime>1550461432</CreateTime>
<MsgType><![CDATA[event]]></MsgType>
<Event><![CDATA[unsubscribe]]></Event>
<EventKey><![CDATA[]]></EventKey>
</xml>

<<<<<<<2019-02-19 14:19:33
<xml><ToUserName><![CDATA[gh_a582435402b9]]></ToUserName>
<FromUserName><![CDATA[oGtn31fkd3Rfb-M72O_t8jXXDFzw]]></FromUserName>
<CreateTime>1550557172</CreateTime>
<MsgType><![CDATA[event]]></MsgType>
<Event><![CDATA[unsubscribe]]></Event>
<EventKey><![CDATA[]]></EventKey>
</xml>
<<<<<<<2019-02-19 14:19:40
<xml><ToUserName><![CDATA[gh_a582435402b9]]></ToUserName>
<FromUserName><![CDATA[oGtn31fkd3Rfb-M72O_t8jXXDFzw]]></FromUserName>
<CreateTime>1550557179</CreateTime>
<MsgType><![CDATA[event]]></MsgType>
<Event><![CDATA[subscribe]]></Event>
<EventKey><![CDATA[]]></EventKey>
</xml>
<<<<<<<2019-02-19 14:25:17
<xml><ToUserName><![CDATA[gh_a582435402b9]]></ToUserName>
<FromUserName><![CDATA[oGtn31fkd3Rfb-M72O_t8jXXDFzw]]></FromUserName>
<CreateTime>1550557517</CreateTime>
<MsgType><![CDATA[event]]></MsgType>
<Event><![CDATA[CLICK]]></Event>
<EventKey><![CDATA[click]]></EventKey>
</xml>
<<<<<<<2019-02-19 14:25:17
<xml><ToUserName><![CDATA[gh_a582435402b9]]></ToUserName>
<FromUserName><![CDATA[oGtn31fkd3Rfb-M72O_t8jXXDFzw]]></FromUserName>
<CreateTime>1550557517</CreateTime>
<MsgType><![CDATA[event]]></MsgType>
<Event><![CDATA[CLICK]]></Event>
<EventKey><![CDATA[click]]></EventKey>
</xml>
<<<<<<<2019-02-19 14:25:26
<xml><ToUserName><![CDATA[gh_a582435402b9]]></ToUserName>
<FromUserName><![CDATA[oGtn31fkd3Rfb-M72O_t8jXXDFzw]]></FromUserName>
<CreateTime>1550557525</CreateTime>
<MsgType><![CDATA[event]]></MsgType>
<Event><![CDATA[CLICK]]></Event>
<EventKey><![CDATA[click]]></EventKey>
</xml>
<<<<<<<2019-02-19 14:25:38
<xml><ToUserName><![CDATA[gh_a582435402b9]]></ToUserName>
<FromUserName><![CDATA[oGtn31fkd3Rfb-M72O_t8jXXDFzw]]></FromUserName>
<CreateTime>1550557538</CreateTime>
<MsgType><![CDATA[event]]></MsgType>
<Event><![CDATA[CLICK]]></Event>
<EventKey><![CDATA[click]]></EventKey>
</xml>
<<<<<<<2019-02-19 14:25:49
<xml><ToUserName><![CDATA[gh_a582435402b9]]></ToUserName>
<FromUserName><![CDATA[oGtn31fkd3Rfb-M72O_t8jXXDFzw]]></FromUserName>
<CreateTime>1550557549</CreateTime>
<MsgType><![CDATA[event]]></MsgType>
<Event><![CDATA[unsubscribe]]></Event>
<EventKey><![CDATA[]]></EventKey>
</xml>
<<<<<<<2019-02-19 14:26:00
<xml><ToUserName><![CDATA[gh_a582435402b9]]></ToUserName>
<FromUserName><![CDATA[oGtn31fkd3Rfb-M72O_t8jXXDFzw]]></FromUserName>
<CreateTime>1550557559</CreateTime>
<MsgType><![CDATA[event]]></MsgType>
<Event><![CDATA[subscribe]]></Event>
<EventKey><![CDATA[]]></EventKey>
</xml>
<<<<<<<2019-02-19 14:26:01
<xml><ToUserName><![CDATA[gh_a582435402b9]]></ToUserName>
<FromUserName><![CDATA[oGtn31fkd3Rfb-M72O_t8jXXDFzw]]></FromUserName>
<CreateTime>1550557560</CreateTime>
<MsgType><![CDATA[event]]></MsgType>
<Event><![CDATA[CLICK]]></Event>
<EventKey><![CDATA[click]]></EventKey>
</xml>
<<<<<<<2019-02-19 14:26:12
<xml><ToUserName><![CDATA[gh_a582435402b9]]></ToUserName>
<FromUserName><![CDATA[oGtn31fkd3Rfb-M72O_t8jXXDFzw]]></FromUserName>
<CreateTime>1550557572</CreateTime>
<MsgType><![CDATA[event]]></MsgType>
<Event><![CDATA[VIEW]]></Event>
<EventKey><![CDATA[http://hs.blizzard.cn/landing]]></EventKey>
<MenuId>435979817</MenuId>
</xml>
<<<<<<<2019-02-19 14:26:16
<xml><ToUserName><![CDATA[gh_a582435402b9]]></ToUserName>
<FromUserName><![CDATA[oGtn31fkd3Rfb-M72O_t8jXXDFzw]]></FromUserName>
<CreateTime>1550557576</CreateTime>
<MsgType><![CDATA[event]]></MsgType>
<Event><![CDATA[CLICK]]></Event>
<EventKey><![CDATA[click]]></EventKey>
</xml>
<<<<<<<2019-02-19 14:26:20
<xml><ToUserName><![CDATA[gh_a582435402b9]]></ToUserName>
<FromUserName><![CDATA[oGtn31fkd3Rfb-M72O_t8jXXDFzw]]></FromUserName>
<CreateTime>1550557580</CreateTime>
<MsgType><![CDATA[event]]></MsgType>
<Event><![CDATA[CLICK]]></Event>
<EventKey><![CDATA[click]]></EventKey>
</xml>
<<<<<<<2019-02-19 14:26:21
<xml><ToUserName><![CDATA[gh_a582435402b9]]></ToUserName>
<FromUserName><![CDATA[oGtn31fkd3Rfb-M72O_t8jXXDFzw]]></FromUserName>
<CreateTime>1550557580</CreateTime>
<MsgType><![CDATA[event]]></MsgType>
<Event><![CDATA[CLICK]]></Event>
<EventKey><![CDATA[click]]></EventKey>
</xml>
<<<<<<<2019-02-19 14:26:21
<xml><ToUserName><![CDATA[gh_a582435402b9]]></ToUserName>
<FromUserName><![CDATA[oGtn31fkd3Rfb-M72O_t8jXXDFzw]]></FromUserName>
<CreateTime>1550557581</CreateTime>
<MsgType><![CDATA[event]]></MsgType>
<Event><![CDATA[CLICK]]></Event>
<EventKey><![CDATA[click]]></EventKey>
</xml>
<<<<<<<2019-02-19 14:26:21
<xml><ToUserName><![CDATA[gh_a582435402b9]]></ToUserName>
<FromUserName><![CDATA[oGtn31fkd3Rfb-M72O_t8jXXDFzw]]></FromUserName>
<CreateTime>1550557581</CreateTime>
<MsgType><![CDATA[event]]></MsgType>
<Event><![CDATA[CLICK]]></Event>
<EventKey><![CDATA[click]]></EventKey>
</xml>
<<<<<<<2019-02-19 14:26:21
<xml><ToUserName><![CDATA[gh_a582435402b9]]></ToUserName>
<FromUserName><![CDATA[oGtn31fkd3Rfb-M72O_t8jXXDFzw]]></FromUserName>
<CreateTime>1550557581</CreateTime>
<MsgType><![CDATA[event]]></MsgType>
<Event><![CDATA[CLICK]]></Event>
<EventKey><![CDATA[click]]></EventKey>
</xml>
<<<<<<<2019-02-19 14:26:21
<xml><ToUserName><![CDATA[gh_a582435402b9]]></ToUserName>
<FromUserName><![CDATA[oGtn31fkd3Rfb-M72O_t8jXXDFzw]]></FromUserName>
<CreateTime>1550557581</CreateTime>
<MsgType><![CDATA[event]]></MsgType>
<Event><![CDATA[CLICK]]></Event>
<EventKey><![CDATA[click]]></EventKey>
</xml>
<<<<<<<2019-02-19 14:26:22
<xml><ToUserName><![CDATA[gh_a582435402b9]]></ToUserName>
<FromUserName><![CDATA[oGtn31fkd3Rfb-M72O_t8jXXDFzw]]></FromUserName>
<CreateTime>1550557581</CreateTime>
<MsgType><![CDATA[event]]></MsgType>
<Event><![CDATA[CLICK]]></Event>
<EventKey><![CDATA[click]]></EventKey>
</xml>
<<<<<<<2019-02-19 14:26:22
<xml><ToUserName><![CDATA[gh_a582435402b9]]></ToUserName>
<FromUserName><![CDATA[oGtn31fkd3Rfb-M72O_t8jXXDFzw]]></FromUserName>
<CreateTime>1550557582</CreateTime>
<MsgType><![CDATA[event]]></MsgType>
<Event><![CDATA[CLICK]]></Event>
<EventKey><![CDATA[click]]></EventKey>
</xml>
<<<<<<<2019-02-19 14:26:22
<xml><ToUserName><![CDATA[gh_a582435402b9]]></ToUserName>
<FromUserName><![CDATA[oGtn31fkd3Rfb-M72O_t8jXXDFzw]]></FromUserName>
<CreateTime>1550557582</CreateTime>
<MsgType><![CDATA[event]]></MsgType>
<Event><![CDATA[CLICK]]></Event>
<EventKey><![CDATA[click]]></EventKey>
</xml>
<<<<<<<2019-02-19 14:27:01
<xml><ToUserName><![CDATA[gh_a582435402b9]]></ToUserName>
<FromUserName><![CDATA[oGtn31fkd3Rfb-M72O_t8jXXDFzw]]></FromUserName>
<CreateTime>1550557620</CreateTime>
<MsgType><![CDATA[event]]></MsgType>
<Event><![CDATA[subscribe]]></Event>
<EventKey><![CDATA[]]></EventKey>
</xml>
<<<<<<<2019-02-19 14:27:06
<xml><ToUserName><![CDATA[gh_a582435402b9]]></ToUserName>
<FromUserName><![CDATA[oGtn31fkd3Rfb-M72O_t8jXXDFzw]]></FromUserName>
<CreateTime>1550557626</CreateTime>
<MsgType><![CDATA[event]]></MsgType>
<Event><![CDATA[CLICK]]></Event>
<EventKey><![CDATA[click]]></EventKey>
</xml>
<<<<<<<2019-02-19 14:28:45
<xml><ToUserName><![CDATA[gh_a582435402b9]]></ToUserName>
<FromUserName><![CDATA[oGtn31fkd3Rfb-M72O_t8jXXDFzw]]></FromUserName>
<CreateTime>1550557725</CreateTime>
<MsgType><![CDATA[event]]></MsgType>
<Event><![CDATA[CLICK]]></Event>
<EventKey><![CDATA[click]]></EventKey>
</xml>
<<<<<<<2019-02-19 14:29:01
<xml><ToUserName><![CDATA[gh_a582435402b9]]></ToUserName>
<FromUserName><![CDATA[oGtn31fkd3Rfb-M72O_t8jXXDFzw]]></FromUserName>
<CreateTime>1550557741</CreateTime>
<MsgType><![CDATA[event]]></MsgType>
<Event><![CDATA[subscribe]]></Event>
<EventKey><![CDATA[]]></EventKey>
</xml>
<<<<<<<2019-02-19 14:29:03
<xml><ToUserName><![CDATA[gh_a582435402b9]]></ToUserName>
<FromUserName><![CDATA[oGtn31fkd3Rfb-M72O_t8jXXDFzw]]></FromUserName>
<CreateTime>1550557743</CreateTime>
<MsgType><![CDATA[event]]></MsgType>
<Event><![CDATA[CLICK]]></Event>
<EventKey><![CDATA[click]]></EventKey>
</xml>
<<<<<<<2019-02-19 14:29:05
<xml><ToUserName><![CDATA[gh_a582435402b9]]></ToUserName>
<FromUserName><![CDATA[oGtn31fkd3Rfb-M72O_t8jXXDFzw]]></FromUserName>
<CreateTime>1550557744</CreateTime>
<MsgType><![CDATA[event]]></MsgType>
<Event><![CDATA[CLICK]]></Event>
<EventKey><![CDATA[click]]></EventKey>
</xml>
<<<<<<<2019-02-19 14:29:07
<xml><ToUserName><![CDATA[gh_a582435402b9]]></ToUserName>
<FromUserName><![CDATA[oGtn31fkd3Rfb-M72O_t8jXXDFzw]]></FromUserName>
<CreateTime>1550557747</CreateTime>
<MsgType><![CDATA[event]]></MsgType>
<Event><![CDATA[CLICK]]></Event>
<EventKey><![CDATA[click]]></EventKey>
</xml>
<<<<<<<2019-02-19 14:29:07
<xml><ToUserName><![CDATA[gh_a582435402b9]]></ToUserName>
<FromUserName><![CDATA[oGtn31fkd3Rfb-M72O_t8jXXDFzw]]></FromUserName>
<CreateTime>1550557747</CreateTime>
<MsgType><![CDATA[event]]></MsgType>
<Event><![CDATA[CLICK]]></Event>
<EventKey><![CDATA[click]]></EventKey>
</xml>
<<<<<<<2019-02-19 14:29:07
<xml><ToUserName><![CDATA[gh_a582435402b9]]></ToUserName>
<FromUserName><![CDATA[oGtn31fkd3Rfb-M72O_t8jXXDFzw]]></FromUserName>
<CreateTime>1550557747</CreateTime>
<MsgType><![CDATA[event]]></MsgType>
<Event><![CDATA[CLICK]]></Event>
<EventKey><![CDATA[click]]></EventKey>
</xml>
<<<<<<<2019-02-19 14:29:08
<xml><ToUserName><![CDATA[gh_a582435402b9]]></ToUserName>
<FromUserName><![CDATA[oGtn31fkd3Rfb-M72O_t8jXXDFzw]]></FromUserName>
<CreateTime>1550557748</CreateTime>
<MsgType><![CDATA[event]]></MsgType>
<Event><![CDATA[CLICK]]></Event>
<EventKey><![CDATA[click]]></EventKey>
</xml>
<<<<<<<2019-02-19 14:29:08
<xml><ToUserName><![CDATA[gh_a582435402b9]]></ToUserName>
<FromUserName><![CDATA[oGtn31fkd3Rfb-M72O_t8jXXDFzw]]></FromUserName>
<CreateTime>1550557748</CreateTime>
<MsgType><![CDATA[event]]></MsgType>
<Event><![CDATA[CLICK]]></Event>
<EventKey><![CDATA[click]]></EventKey>
</xml>
<<<<<<<2019-02-19 14:29:23
<xml><ToUserName><![CDATA[gh_a582435402b9]]></ToUserName>
<FromUserName><![CDATA[oGtn31fkd3Rfb-M72O_t8jXXDFzw]]></FromUserName>
<CreateTime>1550557763</CreateTime>
<MsgType><![CDATA[event]]></MsgType>
<Event><![CDATA[VIEW]]></Event>
<EventKey><![CDATA[https://pvp.qq.com/]]></EventKey>
<MenuId>435979817</MenuId>
</xml>
<<<<<<<2019-02-19 14:29:30
<xml><ToUserName><![CDATA[gh_a582435402b9]]></ToUserName>
<FromUserName><![CDATA[oGtn31fkd3Rfb-M72O_t8jXXDFzw]]></FromUserName>
<CreateTime>1550557770</CreateTime>
<MsgType><![CDATA[event]]></MsgType>
<Event><![CDATA[VIEW]]></Event>
<EventKey><![CDATA[https://cloud.tencent.com/]]></EventKey>
<MenuId>435979817</MenuId>
</xml>
<<<<<<<2019-02-19 14:29:34
<xml><ToUserName><![CDATA[gh_a582435402b9]]></ToUserName>
<FromUserName><![CDATA[oGtn31fkd3Rfb-M72O_t8jXXDFzw]]></FromUserName>
<CreateTime>1550557774</CreateTime>
<MsgType><![CDATA[event]]></MsgType>
<Event><![CDATA[VIEW]]></Event>
<EventKey><![CDATA[https://gitee.com/]]></EventKey>
<MenuId>435979817</MenuId>
</xml>
<<<<<<<2019-02-19 14:29:40
<xml><ToUserName><![CDATA[gh_a582435402b9]]></ToUserName>
<FromUserName><![CDATA[oGtn31fkd3Rfb-M72O_t8jXXDFzw]]></FromUserName>
<CreateTime>1550557780</CreateTime>
<MsgType><![CDATA[event]]></MsgType>
<Event><![CDATA[VIEW]]></Event>
<EventKey><![CDATA[https://juejin.im/]]></EventKey>
<MenuId>435979817</MenuId>
</xml>
<<<<<<<2019-02-19 14:29:44
<xml><ToUserName><![CDATA[gh_a582435402b9]]></ToUserName>
<FromUserName><![CDATA[oGtn31fkd3Rfb-M72O_t8jXXDFzw]]></FromUserName>
<CreateTime>1550557784</CreateTime>
<MsgType><![CDATA[event]]></MsgType>
<Event><![CDATA[VIEW]]></Event>
<EventKey><![CDATA[http://www.soso.com/]]></EventKey>
<MenuId>435979817</MenuId>
</xml>
<<<<<<<2019-02-19 14:29:57
<xml><ToUserName><![CDATA[gh_a582435402b9]]></ToUserName>
<FromUserName><![CDATA[oGtn31fkd3Rfb-M72O_t8jXXDFzw]]></FromUserName>
<CreateTime>1550557797</CreateTime>
<MsgType><![CDATA[event]]></MsgType>
<Event><![CDATA[CLICK]]></Event>
<EventKey><![CDATA[click]]></EventKey>
</xml>
<<<<<<<2019-02-19 14:30:19
<xml><ToUserName><![CDATA[gh_a582435402b9]]></ToUserName>
<FromUserName><![CDATA[oGtn31fkd3Rfb-M72O_t8jXXDFzw]]></FromUserName>
<CreateTime>1550557819</CreateTime>
<MsgType><![CDATA[event]]></MsgType>
<Event><![CDATA[unsubscribe]]></Event>
<EventKey><![CDATA[]]></EventKey>
</xml>
<<<<<<<2019-02-19 14:30:32
<xml><ToUserName><![CDATA[gh_a582435402b9]]></ToUserName>
<FromUserName><![CDATA[oGtn31fkd3Rfb-M72O_t8jXXDFzw]]></FromUserName>
<CreateTime>1550557831</CreateTime>
<MsgType><![CDATA[event]]></MsgType>
<Event><![CDATA[subscribe]]></Event>
<EventKey><![CDATA[]]></EventKey>
</xml>
<<<<<<<2019-02-19 14:30:33
<xml><ToUserName><![CDATA[gh_a582435402b9]]></ToUserName>
<FromUserName><![CDATA[oGtn31fkd3Rfb-M72O_t8jXXDFzw]]></FromUserName>
<CreateTime>1550557833</CreateTime>
<MsgType><![CDATA[event]]></MsgType>
<Event><![CDATA[CLICK]]></Event>
<EventKey><![CDATA[click]]></EventKey>
</xml>
<<<<<<<2019-02-19 14:31:03
<xml><ToUserName><![CDATA[gh_a582435402b9]]></ToUserName>
<FromUserName><![CDATA[oGtn31fkd3Rfb-M72O_t8jXXDFzw]]></FromUserName>
<CreateTime>1550557863</CreateTime>
<MsgType><![CDATA[event]]></MsgType>
<Event><![CDATA[CLICK]]></Event>
<EventKey><![CDATA[click]]></EventKey>
</xml>
<<<<<<<2019-02-19 14:31:06
<xml><ToUserName><![CDATA[gh_a582435402b9]]></ToUserName>
<FromUserName><![CDATA[oGtn31fkd3Rfb-M72O_t8jXXDFzw]]></FromUserName>
<CreateTime>1550557866</CreateTime>
<MsgType><![CDATA[event]]></MsgType>
<Event><![CDATA[CLICK]]></Event>
<EventKey><![CDATA[click]]></EventKey>
</xml>
<<<<<<<2019-02-19 14:31:39
<xml><ToUserName><![CDATA[gh_a582435402b9]]></ToUserName>
<FromUserName><![CDATA[oGtn31fkd3Rfb-M72O_t8jXXDFzw]]></FromUserName>
<CreateTime>1550557899</CreateTime>
<MsgType><![CDATA[event]]></MsgType>
<Event><![CDATA[CLICK]]></Event>
<EventKey><![CDATA[click]]></EventKey>
</xml>
<<<<<<<2019-02-19 14:32:07
<xml><ToUserName><![CDATA[gh_a582435402b9]]></ToUserName>
<FromUserName><![CDATA[oGtn31fkd3Rfb-M72O_t8jXXDFzw]]></FromUserName>
<CreateTime>1550557927</CreateTime>
<MsgType><![CDATA[event]]></MsgType>
<Event><![CDATA[CLICK]]></Event>
<EventKey><![CDATA[click]]></EventKey>
</xml>
<<<<<<<2019-02-19 14:33:22
<xml><ToUserName><![CDATA[gh_a582435402b9]]></ToUserName>
<FromUserName><![CDATA[oGtn31fkd3Rfb-M72O_t8jXXDFzw]]></FromUserName>
<CreateTime>1550558002</CreateTime>
<MsgType><![CDATA[event]]></MsgType>
<Event><![CDATA[subscribe]]></Event>
<EventKey><![CDATA[]]></EventKey>
</xml>
<<<<<<<2019-02-19 14:33:24
<xml><ToUserName><![CDATA[gh_a582435402b9]]></ToUserName>
<FromUserName><![CDATA[oGtn31fkd3Rfb-M72O_t8jXXDFzw]]></FromUserName>
<CreateTime>1550558004</CreateTime>
<MsgType><![CDATA[event]]></MsgType>
<Event><![CDATA[CLICK]]></Event>
<EventKey><![CDATA[click]]></EventKey>
</xml>
<<<<<<<2019-02-19 14:35:06
<xml><ToUserName><![CDATA[gh_a582435402b9]]></ToUserName>
<FromUserName><![CDATA[oGtn31fkd3Rfb-M72O_t8jXXDFzw]]></FromUserName>
<CreateTime>1550558105</CreateTime>
<MsgType><![CDATA[event]]></MsgType>
<Event><![CDATA[CLICK]]></Event>
<EventKey><![CDATA[click]]></EventKey>
</xml>
<<<<<<<2019-02-19 14:35:36
<xml><ToUserName><![CDATA[gh_a582435402b9]]></ToUserName>
<FromUserName><![CDATA[oGtn31fkd3Rfb-M72O_t8jXXDFzw]]></FromUserName>
<CreateTime>1550558136</CreateTime>
<MsgType><![CDATA[event]]></MsgType>
<Event><![CDATA[CLICK]]></Event>
<EventKey><![CDATA[click]]></EventKey>
</xml>
<<<<<<<2019-02-19 14:35:43
<xml><ToUserName><![CDATA[gh_a582435402b9]]></ToUserName>
<FromUserName><![CDATA[oGtn31fkd3Rfb-M72O_t8jXXDFzw]]></FromUserName>
<CreateTime>1550558142</CreateTime>
<MsgType><![CDATA[event]]></MsgType>
<Event><![CDATA[CLICK]]></Event>
<EventKey><![CDATA[click]]></EventKey>
</xml>
<<<<<<<2019-02-19 14:35:44
<xml><ToUserName><![CDATA[gh_a582435402b9]]></ToUserName>
<FromUserName><![CDATA[oGtn31fkd3Rfb-M72O_t8jXXDFzw]]></FromUserName>
<CreateTime>1550558143</CreateTime>
<MsgType><![CDATA[event]]></MsgType>
<Event><![CDATA[CLICK]]></Event>
<EventKey><![CDATA[click]]></EventKey>
</xml>
<<<<<<<2019-02-19 14:35:44
<xml><ToUserName><![CDATA[gh_a582435402b9]]></ToUserName>
<FromUserName><![CDATA[oGtn31fkd3Rfb-M72O_t8jXXDFzw]]></FromUserName>
<CreateTime>1550558144</CreateTime>
<MsgType><![CDATA[event]]></MsgType>
<Event><![CDATA[CLICK]]></Event>
<EventKey><![CDATA[click]]></EventKey>
</xml>
<<<<<<<2019-02-19 14:42:19
<xml><ToUserName><![CDATA[gh_a582435402b9]]></ToUserName>
<FromUserName><![CDATA[oGtn31fkd3Rfb-M72O_t8jXXDFzw]]></FromUserName>
<CreateTime>1550558538</CreateTime>
<MsgType><![CDATA[event]]></MsgType>
<Event><![CDATA[subscribe]]></Event>
<EventKey><![CDATA[]]></EventKey>
</xml>
<<<<<<<2019-02-19 14:44:33
<xml><ToUserName><![CDATA[gh_a582435402b9]]></ToUserName>
<FromUserName><![CDATA[oGtn31fkd3Rfb-M72O_t8jXXDFzw]]></FromUserName>
<CreateTime>1550558673</CreateTime>
<MsgType><![CDATA[event]]></MsgType>
<Event><![CDATA[subscribe]]></Event>
<EventKey><![CDATA[]]></EventKey>
</xml>
<<<<<<<2019-02-19 14:44:45
<xml><ToUserName><![CDATA[gh_a582435402b9]]></ToUserName>
<FromUserName><![CDATA[oGtn31fkd3Rfb-M72O_t8jXXDFzw]]></FromUserName>
<CreateTime>1550558685</CreateTime>
<MsgType><![CDATA[event]]></MsgType>
<Event><![CDATA[unsubscribe]]></Event>
<EventKey><![CDATA[]]></EventKey>
</xml>
<<<<<<<2019-02-19 14:44:52
<xml><ToUserName><![CDATA[gh_a582435402b9]]></ToUserName>
<FromUserName><![CDATA[oGtn31fkd3Rfb-M72O_t8jXXDFzw]]></FromUserName>
<CreateTime>1550558692</CreateTime>
<MsgType><![CDATA[event]]></MsgType>
<Event><![CDATA[subscribe]]></Event>
<EventKey><![CDATA[]]></EventKey>
</xml>
<<<<<<<2019-02-19 14:45:25
<xml><ToUserName><![CDATA[gh_a582435402b9]]></ToUserName>
<FromUserName><![CDATA[oGtn31fkd3Rfb-M72O_t8jXXDFzw]]></FromUserName>
<CreateTime>1550558725</CreateTime>
<MsgType><![CDATA[event]]></MsgType>
<Event><![CDATA[unsubscribe]]></Event>
<EventKey><![CDATA[]]></EventKey>
</xml>
<<<<<<<2019-02-19 14:45:31
<xml><ToUserName><![CDATA[gh_a582435402b9]]></ToUserName>
<FromUserName><![CDATA[oGtn31fkd3Rfb-M72O_t8jXXDFzw]]></FromUserName>
<CreateTime>1550558731</CreateTime>
<MsgType><![CDATA[event]]></MsgType>
<Event><![CDATA[subscribe]]></Event>
<EventKey><![CDATA[]]></EventKey>
</xml>
<<<<<<<2019-02-19 14:46:26
<xml><ToUserName><![CDATA[gh_a582435402b9]]></ToUserName>
<FromUserName><![CDATA[oGtn31fkd3Rfb-M72O_t8jXXDFzw]]></FromUserName>
<CreateTime>1550558786</CreateTime>
<MsgType><![CDATA[event]]></MsgType>
<Event><![CDATA[unsubscribe]]></Event>
<EventKey><![CDATA[]]></EventKey>
</xml>
<<<<<<<2019-02-19 14:46:33
<xml><ToUserName><![CDATA[gh_a582435402b9]]></ToUserName>
<FromUserName><![CDATA[oGtn31fkd3Rfb-M72O_t8jXXDFzw]]></FromUserName>
<CreateTime>1550558793</CreateTime>
<MsgType><![CDATA[event]]></MsgType>
<Event><![CDATA[subscribe]]></Event>
<EventKey><![CDATA[]]></EventKey>
</xml>
<<<<<<<2019-02-19 14:48:09
<xml><ToUserName><![CDATA[gh_a582435402b9]]></ToUserName>
<FromUserName><![CDATA[oGtn31fkd3Rfb-M72O_t8jXXDFzw]]></FromUserName>
<CreateTime>1550558889</CreateTime>
<MsgType><![CDATA[event]]></MsgType>
<Event><![CDATA[unsubscribe]]></Event>
<EventKey><![CDATA[]]></EventKey>
</xml>
<<<<<<<2019-02-19 14:48:15
<xml><ToUserName><![CDATA[gh_a582435402b9]]></ToUserName>
<FromUserName><![CDATA[oGtn31fkd3Rfb-M72O_t8jXXDFzw]]></FromUserName>
<CreateTime>1550558895</CreateTime>
<MsgType><![CDATA[event]]></MsgType>
<Event><![CDATA[subscribe]]></Event>
<EventKey><![CDATA[]]></EventKey>
</xml>
<<<<<<<2019-02-19 15:00:54
<xml><ToUserName><![CDATA[gh_a582435402b9]]></ToUserName>
<FromUserName><![CDATA[oGtn31fkd3Rfb-M72O_t8jXXDFzw]]></FromUserName>
<CreateTime>1550559653</CreateTime>
<MsgType><![CDATA[event]]></MsgType>
<Event><![CDATA[CLICK]]></Event>
<EventKey><![CDATA[click]]></EventKey>
</xml>
<<<<<<<2019-02-19 15:02:27
<xml><ToUserName><![CDATA[gh_a582435402b9]]></ToUserName>
<FromUserName><![CDATA[oGtn31fkd3Rfb-M72O_t8jXXDFzw]]></FromUserName>
<CreateTime>1550559747</CreateTime>
<MsgType><![CDATA[event]]></MsgType>
<Event><![CDATA[CLICK]]></Event>
<EventKey><![CDATA[click]]></EventKey>
</xml>
<<<<<<<2019-02-19 15:02:53
<xml><ToUserName><![CDATA[gh_a582435402b9]]></ToUserName>
<FromUserName><![CDATA[oGtn31fkd3Rfb-M72O_t8jXXDFzw]]></FromUserName>
<CreateTime>1550559772</CreateTime>
<MsgType><![CDATA[event]]></MsgType>
<Event><![CDATA[subscribe]]></Event>
<EventKey><![CDATA[]]></EventKey>
</xml>
<<<<<<<2019-02-19 15:03:03
<xml><ToUserName><![CDATA[gh_a582435402b9]]></ToUserName>
<FromUserName><![CDATA[oGtn31fkd3Rfb-M72O_t8jXXDFzw]]></FromUserName>
<CreateTime>1550559783</CreateTime>
<MsgType><![CDATA[event]]></MsgType>
<Event><![CDATA[unsubscribe]]></Event>
<EventKey><![CDATA[]]></EventKey>
</xml>
<<<<<<<2019-02-19 15:03:27
<xml><ToUserName><![CDATA[gh_a582435402b9]]></ToUserName>
<FromUserName><![CDATA[oGtn31fkd3Rfb-M72O_t8jXXDFzw]]></FromUserName>
<CreateTime>1550559806</CreateTime>
<MsgType><![CDATA[event]]></MsgType>
<Event><![CDATA[subscribe]]></Event>
<EventKey><![CDATA[]]></EventKey>
</xml>
<<<<<<<2019-02-19 15:08:11
<xml><ToUserName><![CDATA[gh_a582435402b9]]></ToUserName>
<FromUserName><![CDATA[oGtn31fkd3Rfb-M72O_t8jXXDFzw]]></FromUserName>
<CreateTime>1550560091</CreateTime>
<MsgType><![CDATA[event]]></MsgType>
<Event><![CDATA[subscribe]]></Event>
<EventKey><![CDATA[]]></EventKey>
</xml>
<<<<<<<2019-02-19 15:08:20
<xml><ToUserName><![CDATA[gh_a582435402b9]]></ToUserName>
<FromUserName><![CDATA[oGtn31fkd3Rfb-M72O_t8jXXDFzw]]></FromUserName>
<CreateTime>1550560100</CreateTime>
<MsgType><![CDATA[event]]></MsgType>
<Event><![CDATA[unsubscribe]]></Event>
<EventKey><![CDATA[]]></EventKey>
</xml>
<<<<<<<2019-02-19 15:08:27
<xml><ToUserName><![CDATA[gh_a582435402b9]]></ToUserName>
<FromUserName><![CDATA[oGtn31fkd3Rfb-M72O_t8jXXDFzw]]></FromUserName>
<CreateTime>1550560107</CreateTime>
<MsgType><![CDATA[event]]></MsgType>
<Event><![CDATA[subscribe]]></Event>
<EventKey><![CDATA[]]></EventKey>
</xml>
<<<<<<<2019-02-19 15:15:07
<xml><ToUserName><![CDATA[gh_a582435402b9]]></ToUserName>
<FromUserName><![CDATA[oGtn31XBZohucUW7IU0rxqfXxv9E]]></FromUserName>
<CreateTime>1550560507</CreateTime>
<MsgType><![CDATA[event]]></MsgType>
<Event><![CDATA[subscribe]]></Event>
<EventKey><![CDATA[]]></EventKey>
</xml>
<<<<<<<2019-02-19 15:15:14
<xml><ToUserName><![CDATA[gh_a582435402b9]]></ToUserName>
<FromUserName><![CDATA[oGtn31XBZohucUW7IU0rxqfXxv9E]]></FromUserName>
<CreateTime>1550560514</CreateTime>
<MsgType><![CDATA[event]]></MsgType>
<Event><![CDATA[unsubscribe]]></Event>
<EventKey><![CDATA[]]></EventKey>
</xml>
<<<<<<<2019-02-19 15:23:53
<xml><ToUserName><![CDATA[gh_a582435402b9]]></ToUserName>
<FromUserName><![CDATA[oGtn31fkd3Rfb-M72O_t8jXXDFzw]]></FromUserName>
<CreateTime>1550561033</CreateTime>
<MsgType><![CDATA[event]]></MsgType>
<Event><![CDATA[unsubscribe]]></Event>
<EventKey><![CDATA[]]></EventKey>
</xml>
<<<<<<<2019-02-19 15:30:11
<xml><ToUserName><![CDATA[gh_a582435402b9]]></ToUserName>
<FromUserName><![CDATA[oGtn31fkd3Rfb-M72O_t8jXXDFzw]]></FromUserName>
<CreateTime>1550561411</CreateTime>
<MsgType><![CDATA[event]]></MsgType>
<Event><![CDATA[subscribe]]></Event>
<EventKey><![CDATA[]]></EventKey>
</xml>
<<<<<<<2019-02-19 15:30:16
<xml><ToUserName><![CDATA[gh_a582435402b9]]></ToUserName>
<FromUserName><![CDATA[oGtn31fkd3Rfb-M72O_t8jXXDFzw]]></FromUserName>
<CreateTime>1550561416</CreateTime>
<MsgType><![CDATA[event]]></MsgType>
<Event><![CDATA[CLICK]]></Event>
<EventKey><![CDATA[click]]></EventKey>
</xml>
<<<<<<<2019-02-19 15:30:23
<xml><ToUserName><![CDATA[gh_a582435402b9]]></ToUserName>
<FromUserName><![CDATA[oGtn31fkd3Rfb-M72O_t8jXXDFzw]]></FromUserName>
<CreateTime>1550561422</CreateTime>
<MsgType><![CDATA[text]]></MsgType>
<Content><![CDATA[你好]]></Content>
<MsgId>22198705855690687</MsgId>
</xml>
<<<<<<<2019-02-19 15:30:30
<xml><ToUserName><![CDATA[gh_a582435402b9]]></ToUserName>
<FromUserName><![CDATA[oGtn31fkd3Rfb-M72O_t8jXXDFzw]]></FromUserName>
<CreateTime>1550561430</CreateTime>
<MsgType><![CDATA[text]]></MsgType>
<Content><![CDATA[你好]]></Content>
<MsgId>22198703016920304</MsgId>
</xml>
<<<<<<<2019-02-19 15:37:11
<xml><ToUserName><![CDATA[gh_a582435402b9]]></ToUserName>
<FromUserName><![CDATA[oGtn31fkd3Rfb-M72O_t8jXXDFzw]]></FromUserName>
<CreateTime>1550561831</CreateTime>
<MsgType><![CDATA[text]]></MsgType>
<Content><![CDATA[图片]]></Content>
<MsgId>22198707888022312</MsgId>
</xml>
<<<<<<<2019-02-19 15:38:38
<xml><ToUserName><![CDATA[gh_a582435402b9]]></ToUserName>
<FromUserName><![CDATA[oGtn31fkd3Rfb-M72O_t8jXXDFzw]]></FromUserName>
<CreateTime>1550561917</CreateTime>
<MsgType><![CDATA[text]]></MsgType>
<Content><![CDATA[图片]]></Content>
<MsgId>22198705977497716</MsgId>
</xml>
<<<<<<<2019-02-19 15:41:54
<xml><ToUserName><![CDATA[gh_a582435402b9]]></ToUserName>
<FromUserName><![CDATA[oGtn31fkd3Rfb-M72O_t8jXXDFzw]]></FromUserName>
<CreateTime>1550562114</CreateTime>
<MsgType><![CDATA[text]]></MsgType>
<Content><![CDATA[图片]]></Content>
<MsgId>22198712501775860</MsgId>
</xml>
<<<<<<<2019-02-19 15:44:23
<xml><ToUserName><![CDATA[gh_a582435402b9]]></ToUserName>
<FromUserName><![CDATA[oGtn31fkd3Rfb-M72O_t8jXXDFzw]]></FromUserName>
<CreateTime>1550562114</CreateTime>
<MsgType><![CDATA[text]]></MsgType>
<Content><![CDATA[图片]]></Content>
<MsgId>22198712501775860</MsgId>
</xml>

<<<<<<<2019-02-19 15:47:28
<xml><ToUserName><![CDATA[gh_a582435402b9]]></ToUserName>
<FromUserName><![CDATA[oGtn31fkd3Rfb-M72O_t8jXXDFzw]]></FromUserName>
<CreateTime>1550562448</CreateTime>
<MsgType><![CDATA[text]]></MsgType>
<Content><![CDATA[图片]]></Content>
<MsgId>22198715841751391</MsgId>
</xml>
<<<<<<<2019-02-19 15:47:37
<xml><ToUserName><![CDATA[gh_a582435402b9]]></ToUserName>
<FromUserName><![CDATA[oGtn31fkd3Rfb-M72O_t8jXXDFzw]]></FromUserName>
<CreateTime>1550562114</CreateTime>
<MsgType><![CDATA[text]]></MsgType>
<Content><![CDATA[图片]]></Content>
<MsgId>22198712501775860</MsgId>
</xml>

<<<<<<<2019-02-19 15:59:10
<xml><ToUserName><![CDATA[gh_a582435402b9]]></ToUserName>
<FromUserName><![CDATA[oGtn31fkd3Rfb-M72O_t8jXXDFzw]]></FromUserName>
<CreateTime>1550562114</CreateTime>
<MsgType><![CDATA[text]]></MsgType>
<Content><![CDATA[图片]]></Content>
<MsgId>22198712501775860</MsgId>
</xml>

<<<<<<<2019-02-19 15:59:35
<xml><ToUserName><![CDATA[gh_a582435402b9]]></ToUserName>
<FromUserName><![CDATA[oGtn31fkd3Rfb-M72O_t8jXXDFzw]]></FromUserName>
<CreateTime>1550563174</CreateTime>
<MsgType><![CDATA[text]]></MsgType>
<Content><![CDATA[图片]]></Content>
<MsgId>22198726510274463</MsgId>
</xml>
<<<<<<<2019-02-19 16:00:30
<xml><ToUserName><![CDATA[gh_a582435402b9]]></ToUserName>
<FromUserName><![CDATA[oGtn31fkd3Rfb-M72O_t8jXXDFzw]]></FromUserName>
<CreateTime>1550563230</CreateTime>
<MsgType><![CDATA[image]]></MsgType>
<PicUrl><![CDATA[http://mmbiz.qpic.cn/mmbiz_jpg/y8OVRsOibQiaPV3pvMgmjI5QzfBvjWv5WIXSVXI1VV5HFmibzBmZ89g5rGclbI6v7vdXo2BJbZWr0BPYsYW52XSJQ/0]]></PicUrl>
<MsgId>22198731006006417</MsgId>
<MediaId><![CDATA[1r1FECfkXw9j39RY0sMxi-HYW74PWryJDDnkldVcAgXigiUed8u-7ghc4O6ov1rH]]></MediaId>
</xml>
<<<<<<<2019-02-19 16:00:31
<xml><ToUserName><![CDATA[gh_a582435402b9]]></ToUserName>
<FromUserName><![CDATA[oGtn31fkd3Rfb-M72O_t8jXXDFzw]]></FromUserName>
<CreateTime>1550563230</CreateTime>
<MsgType><![CDATA[image]]></MsgType>
<PicUrl><![CDATA[http://mmbiz.qpic.cn/mmbiz_jpg/y8OVRsOibQiaPV3pvMgmjI5QzfBvjWv5WIXSVXI1VV5HFmibzBmZ89g5rGclbI6v7vdXo2BJbZWr0BPYsYW52XSJQ/0]]></PicUrl>
<MsgId>22198731006006417</MsgId>
<MediaId><![CDATA[VnVV5jQq6PJviprpo7dqzBOze8JCoDDgZm1dHKV4K9cPGrphIoaHVu1FlW_-c6kn]]></MediaId>
</xml>
<<<<<<<2019-02-19 16:01:44
<xml><ToUserName><![CDATA[gh_a582435402b9]]></ToUserName>
<FromUserName><![CDATA[oGtn31fkd3Rfb-M72O_t8jXXDFzw]]></FromUserName>
<CreateTime>1550563303</CreateTime>
<MsgType><![CDATA[text]]></MsgType>
<Content><![CDATA[图片]]></Content>
<MsgId>22198727527527933</MsgId>
</xml>
<<<<<<<2019-02-19 16:02:29
<xml><ToUserName><![CDATA[gh_a582435402b9]]></ToUserName>
<FromUserName><![CDATA[oGtn31fkd3Rfb-M72O_t8jXXDFzw]]></FromUserName>
<CreateTime>1550563349</CreateTime>
<MsgType><![CDATA[text]]></MsgType>
<Content><![CDATA[图片]]></Content>
<MsgId>22198727788164067</MsgId>
</xml>
<<<<<<<2019-02-19 16:02:37
<xml><ToUserName><![CDATA[gh_a582435402b9]]></ToUserName>
<FromUserName><![CDATA[oGtn31fkd3Rfb-M72O_t8jXXDFzw]]></FromUserName>
<CreateTime>1550562114</CreateTime>
<MsgType><![CDATA[text]]></MsgType>
<Content><![CDATA[图片]]></Content>
<MsgId>22198712501775860</MsgId>
</xml>

<<<<<<<2019-02-20 09:15:02
<xml><ToUserName><![CDATA[gh_a582435402b9]]></ToUserName>
<FromUserName><![CDATA[oGtn31fkd3Rfb-M72O_t8jXXDFzw]]></FromUserName>
<CreateTime>1550625302</CreateTime>
<MsgType><![CDATA[image]]></MsgType>
<PicUrl><![CDATA[http://mmbiz.qpic.cn/mmbiz_jpg/y8OVRsOibQiaPLfrVevH32QEGF84ibp3d47CHibj3JmbRibIl7yEygqyiccn3t7SCT4WZaaJT4bniaw3VM30dROmdIGcg/0]]></PicUrl>
<MsgId>22199620117120974</MsgId>
<MediaId><![CDATA[5zoIpO4t1PjnYf_rBeLeopRqMdvb8ioXsBWbnv3bed2XavgiGpBzE5cr2uwrirRO]]></MediaId>
</xml>
<<<<<<<2019-02-20 09:15:04
<xml><ToUserName><![CDATA[gh_a582435402b9]]></ToUserName>
<FromUserName><![CDATA[oGtn31fkd3Rfb-M72O_t8jXXDFzw]]></FromUserName>
<CreateTime>1550625303</CreateTime>
<MsgType><![CDATA[image]]></MsgType>
<PicUrl><![CDATA[http://mmbiz.qpic.cn/mmbiz_jpg/y8OVRsOibQiaPLfrVevH32QEGF84ibp3d47CHibj3JmbRibIl7yEygqyiccn3t7SCT4WZaaJT4bniaw3VM30dROmdIGcg/0]]></PicUrl>
<MsgId>22199620117120974</MsgId>
<MediaId><![CDATA[0573pf8RGWnEUEtLISL97KRphh0ItcYtY_z6cmCxgSYoMRWYaknEjDQuEUYB2DMD]]></MediaId>
</xml>
<<<<<<<2019-02-20 09:16:38
<xml><ToUserName><![CDATA[gh_a582435402b9]]></ToUserName>
<FromUserName><![CDATA[oGtn31fkd3Rfb-M72O_t8jXXDFzw]]></FromUserName>
<CreateTime>1550625398</CreateTime>
<MsgType><![CDATA[event]]></MsgType>
<Event><![CDATA[CLICK]]></Event>
<EventKey><![CDATA[click]]></EventKey>
</xml>
<<<<<<<2019-02-20 09:16:49
<xml><ToUserName><![CDATA[gh_a582435402b9]]></ToUserName>
<FromUserName><![CDATA[oGtn31fkd3Rfb-M72O_t8jXXDFzw]]></FromUserName>
<CreateTime>1550625408</CreateTime>
<MsgType><![CDATA[image]]></MsgType>
<PicUrl><![CDATA[http://mmbiz.qpic.cn/mmbiz_jpg/y8OVRsOibQiaPLfrVevH32QEGF84ibp3d47ib4STeSovziauHMw9eMAohXvpW3zetukmxQANvJPMgz321VKzqS7XxRg/0]]></PicUrl>
<MsgId>22199617036101921</MsgId>
<MediaId><![CDATA[YxsRuP1ti98g0F4KGsNTnX6_-uLIEA5hKONH7dPy_MowFhrRFGdjDxyzaZAt_srA]]></MediaId>
</xml>
<<<<<<<2019-02-20 09:18:16
<xml><ToUserName><![CDATA[gh_a582435402b9]]></ToUserName>
<FromUserName><![CDATA[oGtn31fkd3Rfb-M72O_t8jXXDFzw]]></FromUserName>
<CreateTime>1550625495</CreateTime>
<MsgType><![CDATA[image]]></MsgType>
<PicUrl><![CDATA[http://mmbiz.qpic.cn/mmbiz_jpg/y8OVRsOibQiaPLfrVevH32QEGF84ibp3d47ib4STeSovziauHMw9eMAohXvpW3zetukmxQANvJPMgz321VKzqS7XxRg/0]]></PicUrl>
<MsgId>22199619111530801</MsgId>
<MediaId><![CDATA[OZ3hPM9sivOmf5mqv93ZSesHj1VzOxLr5Y1IPrqWmHvtL46v25hfLcEyDwPfMrWQ]]></MediaId>
</xml>
<<<<<<<2019-02-20 09:20:52
<xml><ToUserName><![CDATA[gh_a582435402b9]]></ToUserName>
<FromUserName><![CDATA[oGtn31fkd3Rfb-M72O_t8jXXDFzw]]></FromUserName>
<CreateTime>1550625652</CreateTime>
<MsgType><![CDATA[image]]></MsgType>
<PicUrl><![CDATA[http://mmbiz.qpic.cn/mmbiz_jpg/y8OVRsOibQiaPLfrVevH32QEGF84ibp3d47ib4STeSovziauHMw9eMAohXvpW3zetukmxQANvJPMgz321VKzqS7XxRg/0]]></PicUrl>
<MsgId>22199624401869392</MsgId>
<MediaId><![CDATA[Ei86vqgfh6mJWOAPEbXOdEnEwVTlOm0_5joNPhM4pZaMwIg3kmElnRLVV1s5W-8X]]></MediaId>
</xml>
<<<<<<<2019-02-20 09:22:53
<xml><ToUserName><![CDATA[gh_a582435402b9]]></ToUserName>
<FromUserName><![CDATA[oGtn31fkd3Rfb-M72O_t8jXXDFzw]]></FromUserName>
<CreateTime>1550625772</CreateTime>
<MsgType><![CDATA[image]]></MsgType>
<PicUrl><![CDATA[http://mmbiz.qpic.cn/mmbiz_jpg/y8OVRsOibQiaPLfrVevH32QEGF84ibp3d47ib4STeSovziauHMw9eMAohXvpW3zetukmxQANvJPMgz321VKzqS7XxRg/0]]></PicUrl>
<MsgId>22199622798415976</MsgId>
<MediaId><![CDATA[vKKW4gG_XULNKaTVsRC0_lPeep5TX2iKrzAUbO9iyT5bTjZW8HkP0QEYB3ylo_Tp]]></MediaId>
</xml>
<<<<<<<2019-02-20 09:27:36
<xml><ToUserName><![CDATA[gh_a582435402b9]]></ToUserName>
<FromUserName><![CDATA[oGtn31fkd3Rfb-M72O_t8jXXDFzw]]></FromUserName>
<CreateTime>1550626055</CreateTime>
<MsgType><![CDATA[event]]></MsgType>
<Event><![CDATA[subscribe]]></Event>
<EventKey><![CDATA[]]></EventKey>
</xml>
<<<<<<<2019-02-20 09:27:47
<xml><ToUserName><![CDATA[gh_a582435402b9]]></ToUserName>
<FromUserName><![CDATA[oGtn31fkd3Rfb-M72O_t8jXXDFzw]]></FromUserName>
<CreateTime>1550626066</CreateTime>
<MsgType><![CDATA[image]]></MsgType>
<PicUrl><![CDATA[http://mmbiz.qpic.cn/mmbiz_jpg/y8OVRsOibQiaPLfrVevH32QEGF84ibp3d47ib4STeSovziauHMw9eMAohXvpW3zetukmxQANvJPMgz321VKzqS7XxRg/0]]></PicUrl>
<MsgId>22199625542266241</MsgId>
<MediaId><![CDATA[ockBePocgaB5aTCrZgvOaxP0IbNru7cS-kXSbeTsQrVE16qY_4MZlWcO7hIzVWZ2]]></MediaId>
</xml>
<<<<<<<2019-02-20 09:28:36
<xml><ToUserName><![CDATA[gh_a582435402b9]]></ToUserName>
<FromUserName><![CDATA[oGtn31fkd3Rfb-M72O_t8jXXDFzw]]></FromUserName>
<CreateTime>1550626115</CreateTime>
<MsgType><![CDATA[text]]></MsgType>
<Content><![CDATA[你好]]></Content>
<MsgId>22199628844999650</MsgId>
</xml>
<<<<<<<2019-02-20 09:30:22
<xml><ToUserName><![CDATA[gh_a582435402b9]]></ToUserName>
<FromUserName><![CDATA[oGtn31fkd3Rfb-M72O_t8jXXDFzw]]></FromUserName>
<CreateTime>1550626221</CreateTime>
<MsgType><![CDATA[image]]></MsgType>
<PicUrl><![CDATA[http://mmbiz.qpic.cn/mmbiz_jpg/y8OVRsOibQiaPLfrVevH32QEGF84ibp3d47ib4STeSovziauHMw9eMAohXvpW3zetukmxQANvJPMgz321VKzqS7XxRg/0]]></PicUrl>
<MsgId>22199630046718879</MsgId>
<MediaId><![CDATA[CPxH5GLdYGHY6sQV60qss45cslC4PIPpCiLrUOhJqI9DNqU617bU7nntucsEqno6]]></MediaId>
</xml>
<<<<<<<2019-02-20 09:35:03
<xml><ToUserName><![CDATA[gh_a582435402b9]]></ToUserName>
<FromUserName><![CDATA[oGtn31fkd3Rfb-M72O_t8jXXDFzw]]></FromUserName>
<CreateTime>1550626502</CreateTime>
<MsgType><![CDATA[image]]></MsgType>
<PicUrl><![CDATA[http://mmbiz.qpic.cn/mmbiz_jpg/y8OVRsOibQiaPLfrVevH32QEGF84ibp3d47ib4STeSovziauHMw9eMAohXvpW3zetukmxQANvJPMgz321VKzqS7XxRg/0]]></PicUrl>
<MsgId>22199635344191393</MsgId>
<MediaId><![CDATA[KM4iXvVMRZhoXHS1JI3ePMhup5RzAfoodfx5ZhgS3fvUOd2WmGgRnyNvfF6bJy33]]></MediaId>
</xml>
<<<<<<<2019-02-20 10:04:26
<xml><ToUserName><![CDATA[gh_a582435402b9]]></ToUserName>
<FromUserName><![CDATA[oGtn31fkd3Rfb-M72O_t8jXXDFzw]]></FromUserName>
<CreateTime>1550628265</CreateTime>
<MsgType><![CDATA[image]]></MsgType>
<PicUrl><![CDATA[http://mmbiz.qpic.cn/mmbiz_jpg/y8OVRsOibQiaPLfrVevH32QEGF84ibp3d47CHibj3JmbRibIl7yEygqyiccn3t7SCT4WZaaJT4bniaw3VM30dROmdIGcg/0]]></PicUrl>
<MsgId>22199659316272980</MsgId>
<MediaId><![CDATA[Z_xqe-gu3NOWj13WZlEtzVOgY1rPpkUrRTxlZ7zUP9siFq5ivH90DCB3oxiPl-xl]]></MediaId>
</xml>
<<<<<<<2019-02-20 18:32:28
<xml><ToUserName><![CDATA[gh_a582435402b9]]></ToUserName>
<FromUserName><![CDATA[oGtn31fkd3Rfb-M72O_t8jXXDFzw]]></FromUserName>
<CreateTime>1550658747</CreateTime>
<MsgType><![CDATA[image]]></MsgType>
<PicUrl><![CDATA[http://mmbiz.qpic.cn/mmbiz_jpg/y8OVRsOibQiaPLfrVevH32QEGF84ibp3d47CHibj3JmbRibIl7yEygqyiccn3t7SCT4WZaaJT4bniaw3VM30dROmdIGcg/0]]></PicUrl>
<MsgId>22200095394766665</MsgId>
<MediaId><![CDATA[0573pf8RGWnEUEtLISL97IKAITWzM5e62LWFeMIAYU3mgLi07c_Di9nLvMI1WD6N]]></MediaId>
</xml>
<<<<<<<2019-02-20 18:39:08
<xml><ToUserName><![CDATA[gh_a582435402b9]]></ToUserName>
<FromUserName><![CDATA[oGtn31fkd3Rfb-M72O_t8jXXDFzw]]></FromUserName>
<CreateTime>1550659146</CreateTime>
<MsgType><![CDATA[image]]></MsgType>
<PicUrl><![CDATA[http://mmbiz.qpic.cn/mmbiz_jpg/y8OVRsOibQiaPLfrVevH32QEGF84ibp3d470efv1sVvILlzM98iaV6wwXemsmf6FAqdWdLVwPJDUHuLQj877DK8mPg/0]]></PicUrl>
<MsgId>22200101450045361</MsgId>
<MediaId><![CDATA[SAMneUeD5ZQHiGxilv-jlJYPk8LKCGWVYnhtO-p8eX6LBJL-M5O0oTvdfeoCvomn]]></MediaId>
</xml>
<<<<<<<2019-02-20 18:39:09
<xml><ToUserName><![CDATA[gh_a582435402b9]]></ToUserName>
<FromUserName><![CDATA[oGtn31fkd3Rfb-M72O_t8jXXDFzw]]></FromUserName>
<CreateTime>1550659148</CreateTime>
<MsgType><![CDATA[image]]></MsgType>
<PicUrl><![CDATA[http://mmbiz.qpic.cn/mmbiz_jpg/y8OVRsOibQiaPLfrVevH32QEGF84ibp3d470efv1sVvILlzM98iaV6wwXemsmf6FAqdWdLVwPJDUHuLQj877DK8mPg/0]]></PicUrl>
<MsgId>22200101450045361</MsgId>
<MediaId><![CDATA[V1AaBdJvkHtqn9Tw5-poJNSO-FyQUqe86XAFS1J63H7PB_Y84uhzCwIxf89_-fUe]]></MediaId>
</xml>
<<<<<<<2019-02-20 18:48:47
<xml><ToUserName><![CDATA[gh_a582435402b9]]></ToUserName>
<FromUserName><![CDATA[oGtn31fkd3Rfb-M72O_t8jXXDFzw]]></FromUserName>
<CreateTime>1550659726</CreateTime>
<MsgType><![CDATA[image]]></MsgType>
<PicUrl><![CDATA[http://mmbiz.qpic.cn/mmbiz_jpg/y8OVRsOibQiaPLfrVevH32QEGF84ibp3d47ib4STeSovziauHMw9eMAohXvpW3zetukmxQANvJPMgz321VKzqS7XxRg/0]]></PicUrl>
<MsgId>22200108314125525</MsgId>
<MediaId><![CDATA[q_D78ZjVxFYQSjqml3M--_1zq8vjO-_jNp0H_mIYm8yVcDbEy4A8A3BhwOcmpQ4a]]></MediaId>
</xml>
<<<<<<<2019-02-20 18:48:50
<xml><ToUserName><![CDATA[gh_a582435402b9]]></ToUserName>
<FromUserName><![CDATA[oGtn31fkd3Rfb-M72O_t8jXXDFzw]]></FromUserName>
<CreateTime>1550659726</CreateTime>
<MsgType><![CDATA[image]]></MsgType>
<PicUrl><![CDATA[http://mmbiz.qpic.cn/mmbiz_jpg/y8OVRsOibQiaPLfrVevH32QEGF84ibp3d47ib4STeSovziauHMw9eMAohXvpW3zetukmxQANvJPMgz321VKzqS7XxRg/0]]></PicUrl>
<MsgId>22200108314125525</MsgId>
<MediaId><![CDATA[q_D78ZjVxFYQSjqml3M--_1zq8vjO-_jNp0H_mIYm8yVcDbEy4A8A3BhwOcmpQ4a]]></MediaId>
</xml>
<<<<<<<2019-02-20 18:48:55
<xml><ToUserName><![CDATA[gh_a582435402b9]]></ToUserName>
<FromUserName><![CDATA[oGtn31fkd3Rfb-M72O_t8jXXDFzw]]></FromUserName>
<CreateTime>1550659726</CreateTime>
<MsgType><![CDATA[image]]></MsgType>
<PicUrl><![CDATA[http://mmbiz.qpic.cn/mmbiz_jpg/y8OVRsOibQiaPLfrVevH32QEGF84ibp3d47ib4STeSovziauHMw9eMAohXvpW3zetukmxQANvJPMgz321VKzqS7XxRg/0]]></PicUrl>
<MsgId>22200108314125525</MsgId>
<MediaId><![CDATA[q_D78ZjVxFYQSjqml3M--_1zq8vjO-_jNp0H_mIYm8yVcDbEy4A8A3BhwOcmpQ4a]]></MediaId>
</xml>
<<<<<<<2019-02-20 18:51:28
<xml><ToUserName><![CDATA[gh_a582435402b9]]></ToUserName>
<FromUserName><![CDATA[oGtn31fkd3Rfb-M72O_t8jXXDFzw]]></FromUserName>
<CreateTime>1550659888</CreateTime>
<MsgType><![CDATA[event]]></MsgType>
<Event><![CDATA[CLICK]]></Event>
<EventKey><![CDATA[click]]></EventKey>
</xml>
<<<<<<<2019-02-20 18:51:34
<xml><ToUserName><![CDATA[gh_a582435402b9]]></ToUserName>
<FromUserName><![CDATA[oGtn31fkd3Rfb-M72O_t8jXXDFzw]]></FromUserName>
<CreateTime>1550659893</CreateTime>
<MsgType><![CDATA[text]]></MsgType>
<Content><![CDATA[呢]]></Content>
<MsgId>22200111669341727</MsgId>
</xml>
<<<<<<<2019-02-20 18:53:11
<xml><ToUserName><![CDATA[gh_a582435402b9]]></ToUserName>
<FromUserName><![CDATA[oGtn31fkd3Rfb-M72O_t8jXXDFzw]]></FromUserName>
<CreateTime>1550659991</CreateTime>
<MsgType><![CDATA[image]]></MsgType>
<PicUrl><![CDATA[http://mmbiz.qpic.cn/mmbiz_jpg/y8OVRsOibQiaPLfrVevH32QEGF84ibp3d472aUx4HkicDp2c6rPicdHW5oLNJZmkficfDYOn3Z2LJWLwNLjOyBDQK2GQ/0]]></PicUrl>
<MsgId>22200111915850899</MsgId>
<MediaId><![CDATA[ubcKLaZFiJA369wJ8G2jXxHzSARud7X33M4G-kgIqvhdxRrFDDJ7OsS5iVqzRIEF]]></MediaId>
</xml>
<<<<<<<2019-02-20 18:53:15
<xml><ToUserName><![CDATA[gh_a582435402b9]]></ToUserName>
<FromUserName><![CDATA[oGtn31fkd3Rfb-M72O_t8jXXDFzw]]></FromUserName>
<CreateTime>1550659991</CreateTime>
<MsgType><![CDATA[image]]></MsgType>
<PicUrl><![CDATA[http://mmbiz.qpic.cn/mmbiz_jpg/y8OVRsOibQiaPLfrVevH32QEGF84ibp3d472aUx4HkicDp2c6rPicdHW5oLNJZmkficfDYOn3Z2LJWLwNLjOyBDQK2GQ/0]]></PicUrl>
<MsgId>22200111915850899</MsgId>
<MediaId><![CDATA[ubcKLaZFiJA369wJ8G2jXxHzSARud7X33M4G-kgIqvhdxRrFDDJ7OsS5iVqzRIEF]]></MediaId>
</xml>
<<<<<<<2019-02-20 18:53:19
<xml><ToUserName><![CDATA[gh_a582435402b9]]></ToUserName>
<FromUserName><![CDATA[oGtn31fkd3Rfb-M72O_t8jXXDFzw]]></FromUserName>
<CreateTime>1550659991</CreateTime>
<MsgType><![CDATA[image]]></MsgType>
<PicUrl><![CDATA[http://mmbiz.qpic.cn/mmbiz_jpg/y8OVRsOibQiaPLfrVevH32QEGF84ibp3d472aUx4HkicDp2c6rPicdHW5oLNJZmkficfDYOn3Z2LJWLwNLjOyBDQK2GQ/0]]></PicUrl>
<MsgId>22200111915850899</MsgId>
<MediaId><![CDATA[ubcKLaZFiJA369wJ8G2jXxHzSARud7X33M4G-kgIqvhdxRrFDDJ7OsS5iVqzRIEF]]></MediaId>
</xml>
<<<<<<<2019-02-20 18:53:59
<xml><ToUserName><![CDATA[gh_a582435402b9]]></ToUserName>
<FromUserName><![CDATA[oGtn31fkd3Rfb-M72O_t8jXXDFzw]]></FromUserName>
<CreateTime>1550660036</CreateTime>
<MsgType><![CDATA[image]]></MsgType>
<PicUrl><![CDATA[http://mmbiz.qpic.cn/mmbiz_jpg/y8OVRsOibQiaPLfrVevH32QEGF84ibp3d47bPg1jDWB6kuib3Sic5KoVwTFn6zlTOpicemHk31vRIFgbdEIGon6hpbaA/0]]></PicUrl>
<MsgId>22200113489282170</MsgId>
<MediaId><![CDATA[5eVqcy9WUMwOitdJGlXL2MM2bfi_qpNPZVuipTy6g_ML1ZK4H381sZx-_JcIQoVC]]></MediaId>
</xml>
<<<<<<<2019-02-20 18:54:04
<xml><ToUserName><![CDATA[gh_a582435402b9]]></ToUserName>
<FromUserName><![CDATA[oGtn31fkd3Rfb-M72O_t8jXXDFzw]]></FromUserName>
<CreateTime>1550660036</CreateTime>
<MsgType><![CDATA[image]]></MsgType>
<PicUrl><![CDATA[http://mmbiz.qpic.cn/mmbiz_jpg/y8OVRsOibQiaPLfrVevH32QEGF84ibp3d47bPg1jDWB6kuib3Sic5KoVwTFn6zlTOpicemHk31vRIFgbdEIGon6hpbaA/0]]></PicUrl>
<MsgId>22200113489282170</MsgId>
<MediaId><![CDATA[5eVqcy9WUMwOitdJGlXL2MM2bfi_qpNPZVuipTy6g_ML1ZK4H381sZx-_JcIQoVC]]></MediaId>
</xml>
<<<<<<<2019-02-20 18:54:09
<xml><ToUserName><![CDATA[gh_a582435402b9]]></ToUserName>
<FromUserName><![CDATA[oGtn31fkd3Rfb-M72O_t8jXXDFzw]]></FromUserName>
<CreateTime>1550660036</CreateTime>
<MsgType><![CDATA[image]]></MsgType>
<PicUrl><![CDATA[http://mmbiz.qpic.cn/mmbiz_jpg/y8OVRsOibQiaPLfrVevH32QEGF84ibp3d47bPg1jDWB6kuib3Sic5KoVwTFn6zlTOpicemHk31vRIFgbdEIGon6hpbaA/0]]></PicUrl>
<MsgId>22200113489282170</MsgId>
<MediaId><![CDATA[5eVqcy9WUMwOitdJGlXL2MM2bfi_qpNPZVuipTy6g_ML1ZK4H381sZx-_JcIQoVC]]></MediaId>
</xml>
<<<<<<<2019-02-20 18:56:56
<xml><ToUserName><![CDATA[gh_a582435402b9]]></ToUserName>
<FromUserName><![CDATA[oGtn31fkd3Rfb-M72O_t8jXXDFzw]]></FromUserName>
<CreateTime>1550660215</CreateTime>
<MsgType><![CDATA[image]]></MsgType>
<PicUrl><![CDATA[http://mmbiz.qpic.cn/mmbiz_jpg/y8OVRsOibQiaPLfrVevH32QEGF84ibp3d472scD1siag9WOh67qIxI62ycE5iaHWJQe5AGFibzxCMMpeQqjPy6PVJTEg/0]]></PicUrl>
<MsgId>22200116108994663</MsgId>
<MediaId><![CDATA[v3uYYmLESryqhUBRaARSBOotXdu0UXAY0djjvnjnRym4YwK5BooUXljxZE_wnStI]]></MediaId>
</xml>
<<<<<<<2019-02-20 18:56:57
<xml><ToUserName><![CDATA[gh_a582435402b9]]></ToUserName>
<FromUserName><![CDATA[oGtn31fkd3Rfb-M72O_t8jXXDFzw]]></FromUserName>
<CreateTime>1550660217</CreateTime>
<MsgType><![CDATA[image]]></MsgType>
<PicUrl><![CDATA[http://mmbiz.qpic.cn/mmbiz_jpg/y8OVRsOibQiaPLfrVevH32QEGF84ibp3d472scD1siag9WOh67qIxI62ycE5iaHWJQe5AGFibzxCMMpeQqjPy6PVJTEg/0]]></PicUrl>
<MsgId>22200116108994663</MsgId>
<MediaId><![CDATA[yK9fZlYcKNrAVWj1wFyKDTlEOtvEGCym7HbvvMd6C0Cb_CabNzKb0uXiYyJAmthj]]></MediaId>
</xml>
<<<<<<<2019-02-20 18:57:01
<xml><ToUserName><![CDATA[gh_a582435402b9]]></ToUserName>
<FromUserName><![CDATA[oGtn31fkd3Rfb-M72O_t8jXXDFzw]]></FromUserName>
<CreateTime>1550660215</CreateTime>
<MsgType><![CDATA[image]]></MsgType>
<PicUrl><![CDATA[http://mmbiz.qpic.cn/mmbiz_jpg/y8OVRsOibQiaPLfrVevH32QEGF84ibp3d472scD1siag9WOh67qIxI62ycE5iaHWJQe5AGFibzxCMMpeQqjPy6PVJTEg/0]]></PicUrl>
<MsgId>22200116108994663</MsgId>
<MediaId><![CDATA[v3uYYmLESryqhUBRaARSBOotXdu0UXAY0djjvnjnRym4YwK5BooUXljxZE_wnStI]]></MediaId>
</xml>
<<<<<<<2019-02-20 18:57:02
<xml><ToUserName><![CDATA[gh_a582435402b9]]></ToUserName>
<FromUserName><![CDATA[oGtn31fkd3Rfb-M72O_t8jXXDFzw]]></FromUserName>
<CreateTime>1550660217</CreateTime>
<MsgType><![CDATA[image]]></MsgType>
<PicUrl><![CDATA[http://mmbiz.qpic.cn/mmbiz_jpg/y8OVRsOibQiaPLfrVevH32QEGF84ibp3d472scD1siag9WOh67qIxI62ycE5iaHWJQe5AGFibzxCMMpeQqjPy6PVJTEg/0]]></PicUrl>
<MsgId>22200116108994663</MsgId>
<MediaId><![CDATA[yK9fZlYcKNrAVWj1wFyKDTlEOtvEGCym7HbvvMd6C0Cb_CabNzKb0uXiYyJAmthj]]></MediaId>
</xml>
<<<<<<<2019-02-20 18:57:06
<xml><ToUserName><![CDATA[gh_a582435402b9]]></ToUserName>
<FromUserName><![CDATA[oGtn31fkd3Rfb-M72O_t8jXXDFzw]]></FromUserName>
<CreateTime>1550660215</CreateTime>
<MsgType><![CDATA[image]]></MsgType>
<PicUrl><![CDATA[http://mmbiz.qpic.cn/mmbiz_jpg/y8OVRsOibQiaPLfrVevH32QEGF84ibp3d472scD1siag9WOh67qIxI62ycE5iaHWJQe5AGFibzxCMMpeQqjPy6PVJTEg/0]]></PicUrl>
<MsgId>22200116108994663</MsgId>
<MediaId><![CDATA[v3uYYmLESryqhUBRaARSBOotXdu0UXAY0djjvnjnRym4YwK5BooUXljxZE_wnStI]]></MediaId>
</xml>
<<<<<<<2019-02-20 18:57:07
<xml><ToUserName><![CDATA[gh_a582435402b9]]></ToUserName>
<FromUserName><![CDATA[oGtn31fkd3Rfb-M72O_t8jXXDFzw]]></FromUserName>
<CreateTime>1550660217</CreateTime>
<MsgType><![CDATA[image]]></MsgType>
<PicUrl><![CDATA[http://mmbiz.qpic.cn/mmbiz_jpg/y8OVRsOibQiaPLfrVevH32QEGF84ibp3d472scD1siag9WOh67qIxI62ycE5iaHWJQe5AGFibzxCMMpeQqjPy6PVJTEg/0]]></PicUrl>
<MsgId>22200116108994663</MsgId>
<MediaId><![CDATA[yK9fZlYcKNrAVWj1wFyKDTlEOtvEGCym7HbvvMd6C0Cb_CabNzKb0uXiYyJAmthj]]></MediaId>
</xml>
<<<<<<<2019-02-20 18:59:53
<xml><ToUserName><![CDATA[gh_a582435402b9]]></ToUserName>
<FromUserName><![CDATA[oGtn31fkd3Rfb-M72O_t8jXXDFzw]]></FromUserName>
<CreateTime>1550660392</CreateTime>
<MsgType><![CDATA[image]]></MsgType>
<PicUrl><![CDATA[http://mmbiz.qpic.cn/mmbiz_jpg/y8OVRsOibQiaPLfrVevH32QEGF84ibp3d47PMkfltMv7BZiaJC7Tg6A7lgFJboic4oWXKvuwxZMSnEKKvdCozcmN8dQ/0]]></PicUrl>
<MsgId>22200118587227964</MsgId>
<MediaId><![CDATA[CQGOtbVX7tM7xZ54bdorNQw1fMhsbv2T-eURSzKTkiyk_I-pqxrfSLJiqx93mFIz]]></MediaId>
</xml>
<<<<<<<2019-02-20 18:59:57
<xml><ToUserName><![CDATA[gh_a582435402b9]]></ToUserName>
<FromUserName><![CDATA[oGtn31fkd3Rfb-M72O_t8jXXDFzw]]></FromUserName>
<CreateTime>1550660392</CreateTime>
<MsgType><![CDATA[image]]></MsgType>
<PicUrl><![CDATA[http://mmbiz.qpic.cn/mmbiz_jpg/y8OVRsOibQiaPLfrVevH32QEGF84ibp3d47PMkfltMv7BZiaJC7Tg6A7lgFJboic4oWXKvuwxZMSnEKKvdCozcmN8dQ/0]]></PicUrl>
<MsgId>22200118587227964</MsgId>
<MediaId><![CDATA[CQGOtbVX7tM7xZ54bdorNQw1fMhsbv2T-eURSzKTkiyk_I-pqxrfSLJiqx93mFIz]]></MediaId>
</xml>
<<<<<<<2019-02-20 19:00:02
<xml><ToUserName><![CDATA[gh_a582435402b9]]></ToUserName>
<FromUserName><![CDATA[oGtn31fkd3Rfb-M72O_t8jXXDFzw]]></FromUserName>
<CreateTime>1550660392</CreateTime>
<MsgType><![CDATA[image]]></MsgType>
<PicUrl><![CDATA[http://mmbiz.qpic.cn/mmbiz_jpg/y8OVRsOibQiaPLfrVevH32QEGF84ibp3d47PMkfltMv7BZiaJC7Tg6A7lgFJboic4oWXKvuwxZMSnEKKvdCozcmN8dQ/0]]></PicUrl>
<MsgId>22200118587227964</MsgId>
<MediaId><![CDATA[CQGOtbVX7tM7xZ54bdorNQw1fMhsbv2T-eURSzKTkiyk_I-pqxrfSLJiqx93mFIz]]></MediaId>
</xml>
<<<<<<<2019-02-21 19:03:05
<xml><ToUserName><![CDATA[gh_a582435402b9]]></ToUserName>
<FromUserName><![CDATA[oGtn31fkd3Rfb-M72O_t8jXXDFzw]]></FromUserName>
<CreateTime>1550746985</CreateTime>
<MsgType><![CDATA[image]]></MsgType>
<PicUrl><![CDATA[http://mmbiz.qpic.cn/mmbiz_jpg/y8OVRsOibQiaODos1MuOaHLCJtsJY3l993r5rzodF9mxzbESyLwjib946OwicNibM4wKknrjEN85ia9QvEuRP8GQm0icQ/0]]></PicUrl>
<MsgId>22201359952078556</MsgId>
<MediaId><![CDATA[7OhO4zE7TnPNiGgfbSIT8Gjt2bNSZVhFqRJRrwRO6C4FEtThj2seiOcVq9DXWU_E]]></MediaId>
</xml>
<<<<<<<2019-02-21 19:03:07
<xml><ToUserName><![CDATA[gh_a582435402b9]]></ToUserName>
<FromUserName><![CDATA[oGtn31fkd3Rfb-M72O_t8jXXDFzw]]></FromUserName>
<CreateTime>1550746986</CreateTime>
<MsgType><![CDATA[image]]></MsgType>
<PicUrl><![CDATA[http://mmbiz.qpic.cn/mmbiz_jpg/y8OVRsOibQiaODos1MuOaHLCJtsJY3l993r5rzodF9mxzbESyLwjib946OwicNibM4wKknrjEN85ia9QvEuRP8GQm0icQ/0]]></PicUrl>
<MsgId>22201359952078556</MsgId>
<MediaId><![CDATA[N95aG7Nho0pke8n_nOfTEGFOBU5M7dHDVcOZU-GI2gpzy83NAn4fySVzT1zjPtlt]]></MediaId>
</xml>
<<<<<<<